<?xml version="1.0" encoding="UTF-8"?>
<testng-results ignored="0" total="1" passed="1" failed="0" skipped="0">
  <reporter-output>
  </reporter-output>
  <suite started-at="2024-01-21T18:59:10 IST" name="RegressionSuite" finished-at="2024-01-21T18:59:29 IST" duration-ms="18645">
    <groups>
    </groups>
    <test started-at="2024-01-21T18:59:10 IST" name="Test" finished-at="2024-01-21T18:59:29 IST" duration-ms="18645">
      <class name="com.TestClass.HandlingWindows">
        <test-method is-config="true" signature="setUp(java.lang.String)[pri:0, instance:com.TestClass.HandlingWindows@1a75e76a]" started-at="2024-01-21T18:59:10 IST" name="setUp" finished-at="2024-01-21T18:59:21 IST" duration-ms="10612" status="PASS">
          <params>
            <param index="0">
              <value>
                <![CDATA[chrome]]>
              </value>
            </param>
          </params>
          <reporter-output>
          </reporter-output>
        </test-method> <!-- setUp -->
        <test-method signature="verifyCompareOfTwoProducts()[pri:0, instance:com.TestClass.HandlingWindows@1a75e76a]" started-at="2024-01-21T18:59:21 IST" name="verifyCompareOfTwoProducts" finished-at="2024-01-21T18:59:28 IST" duration-ms="7683" status="PASS">
          <reporter-output>
          </reporter-output>
        </test-method> <!-- verifyCompareOfTwoProducts -->
        <test-method is-config="true" signature="tearDown()[pri:0, instance:com.TestClass.HandlingWindows@1a75e76a]" started-at="2024-01-21T18:59:28 IST" name="tearDown" finished-at="2024-01-21T18:59:29 IST" duration-ms="289" status="PASS">
          <reporter-output>
          </reporter-output>
        </test-method> <!-- tearDown -->
      </class> <!-- com.TestClass.HandlingWindows -->
    </test> <!-- Test -->
  </suite> <!-- RegressionSuite -->
</testng-results>
